[21:21:59] [main/INFO]: Loading Minecraft 1.16.5 with Fabric Loader 0.16.3
[21:21:59] [main/INFO]: Loading 4 mods:
	- fabricloader 0.16.3
	   \-- mixinextras 0.4.1
	- java 11
	- minecraft 1.16.5
[21:21:59] [main/INFO]: SpongePowered MIXIN Subsystem Version=0.8.7 Source=file:/workspaces/MSDG/servidor_minecraft/libraries/net/fabricmc/sponge-mixin/0.15.2+mixin.0.8.7/sponge-mixin-0.15.2+mixin.0.8.7.jar Service=Knot/Fabric Env=SERVER
[21:22:04] [main/INFO]: Environment: authHost='https://authserver.mojang.com', accountsHost='https://api.mojang.com', sessionHost='https://sessionserver.mojang.com', servicesHost='https://api.minecraftservices.com', name='PROD'
[21:22:04] [main/WARN]: Ambiguity between arguments [teleport, destination] and [teleport, targets] with inputs: [Player, 0123, @e, dd12be42-52a9-4a91-a8a1-11c01849e498]
[21:22:04] [main/WARN]: Ambiguity between arguments [teleport, location] and [teleport, destination] with inputs: [0.1 -0.5 .9, 0 0 0]
[21:22:04] [main/WARN]: Ambiguity between arguments [teleport, location] and [teleport, targets] with inputs: [0.1 -0.5 .9, 0 0 0]
[21:22:04] [main/WARN]: Ambiguity between arguments [teleport, targets] and [teleport, destination] with inputs: [Player, 0123, dd12be42-52a9-4a91-a8a1-11c01849e498]
[21:22:04] [main/WARN]: Ambiguity between arguments [teleport, targets, location] and [teleport, targets, destination] with inputs: [0.1 -0.5 .9, 0 0 0]
[21:22:04] [main/INFO]: Reloading ResourceManager: Default
[21:22:05] [Worker-Main-4/INFO]: Loaded 7 recipes
[21:22:06] [Worker-Main-4/INFO]: Loaded 927 advancements
[21:22:08] [Server thread/INFO]: Starting minecraft server version 1.16.5
[21:22:08] [Server thread/INFO]: Loading properties
[21:22:08] [Server thread/INFO]: Default game type: SURVIVAL
[21:22:08] [Server thread/INFO]: Generating keypair
[21:22:08] [Server thread/INFO]: Starting Minecraft server on *:25565
[21:22:08] [Server thread/INFO]: Using epoll channel type
[21:22:08] [Server thread/WARN]: **** SERVER IS RUNNING IN OFFLINE/INSECURE MODE!
[21:22:08] [Server thread/WARN]: The server will make no attempt to authenticate usernames. Beware.
[21:22:08] [Server thread/WARN]: While this makes the game possible to play without internet access, it also opens up the ability for hackers to connect with any username they choose.
[21:22:08] [Server thread/WARN]: To change this, set "online-mode" to "true" in the server.properties file.
[21:22:08] [Server thread/INFO]: Preparing level "world"
[21:22:13] [Server thread/INFO]: Preparing start region for dimension minecraft:overworld
[21:22:13] [Worker-Main-4/INFO]: Preparing spawn area: 0%
[21:22:13] [Worker-Main-5/INFO]: Preparing spawn area: 0%
[21:22:14] [Worker-Main-4/INFO]: Preparing spawn area: 0%
[21:22:14] [Worker-Main-4/INFO]: Preparing spawn area: 0%
[21:22:15] [Worker-Main-5/INFO]: Preparing spawn area: 1%
[21:22:15] [Worker-Main-4/INFO]: Preparing spawn area: 1%
[21:22:16] [Worker-Main-6/INFO]: Preparing spawn area: 3%
[21:22:16] [Worker-Main-6/INFO]: Preparing spawn area: 3%
[21:22:17] [Worker-Main-6/INFO]: Preparing spawn area: 3%
[21:22:17] [Worker-Main-6/INFO]: Preparing spawn area: 9%
[21:22:18] [Worker-Main-6/INFO]: Preparing spawn area: 10%
[21:22:18] [Worker-Main-4/INFO]: Preparing spawn area: 11%
[21:22:19] [Worker-Main-6/INFO]: Preparing spawn area: 11%
[21:22:19] [Worker-Main-4/INFO]: Preparing spawn area: 17%
[21:22:20] [Worker-Main-4/INFO]: Preparing spawn area: 19%
[21:22:20] [Worker-Main-6/INFO]: Preparing spawn area: 19%
[21:22:21] [Worker-Main-4/INFO]: Preparing spawn area: 22%
[21:22:21] [Worker-Main-6/INFO]: Preparing spawn area: 24%
[21:22:22] [Worker-Main-6/INFO]: Preparing spawn area: 24%
[21:22:22] [Worker-Main-6/INFO]: Preparing spawn area: 27%
[21:22:23] [Worker-Main-5/INFO]: Preparing spawn area: 29%
[21:22:23] [Worker-Main-4/INFO]: Preparing spawn area: 31%
[21:22:24] [Worker-Main-5/INFO]: Preparing spawn area: 31%
[21:22:24] [Worker-Main-6/INFO]: Preparing spawn area: 37%
[21:22:25] [Worker-Main-5/INFO]: Preparing spawn area: 37%
[21:22:26] [Worker-Main-5/INFO]: Preparing spawn area: 39%
[21:22:26] [Worker-Main-4/INFO]: Preparing spawn area: 39%
[21:22:27] [Worker-Main-4/INFO]: Preparing spawn area: 47%
[21:22:27] [Worker-Main-6/INFO]: Preparing spawn area: 49%
[21:22:27] [Worker-Main-4/INFO]: Preparing spawn area: 49%
[21:22:28] [Worker-Main-4/INFO]: Preparing spawn area: 57%
[21:22:29] [Worker-Main-6/INFO]: Preparing spawn area: 58%
[21:22:29] [Worker-Main-4/INFO]: Preparing spawn area: 63%
[21:22:30] [Worker-Main-4/INFO]: Preparing spawn area: 69%
[21:22:30] [Worker-Main-6/INFO]: Preparing spawn area: 69%
[21:22:31] [Worker-Main-6/INFO]: Preparing spawn area: 72%
[21:22:31] [Worker-Main-6/INFO]: Preparing spawn area: 72%
[21:22:31] [Worker-Main-6/INFO]: Preparing spawn area: 72%
[21:22:32] [Worker-Main-6/INFO]: Preparing spawn area: 83%
[21:22:32] [Worker-Main-6/INFO]: Preparing spawn area: 88%
[21:22:33] [Worker-Main-5/INFO]: Preparing spawn area: 90%
[21:22:33] [Worker-Main-5/INFO]: Preparing spawn area: 90%
[21:22:33] [Server thread/INFO]: Time elapsed: 20617 ms
[21:22:33] [Server thread/INFO]: Done (25.159s)! For help, type "help"
[21:29:37] [Server thread/INFO]: DeusGideon[/127.20.78.132:43439] logged in with entity id 341 at (49.5, 66.0, -137.5)
[21:29:37] [Server thread/INFO]: DeusGideon joined the game
[21:30:10] [Server thread/INFO]: DeusGideon lost connection: Disconnected
[21:30:10] [Server thread/INFO]: DeusGideon left the game
